12:05:52.692 request:
1 > GET https://reqres.in/api/users/2
1 > Accept-Encoding: gzip,deflate
1 > Connection: Keep-Alive
1 > Host: reqres.in
1 > User-Agent: Apache-HttpClient/4.5.12 (Java/1.8.0_202)

12:05:53.291 response time in milliseconds: 591,56
1 < 200
1 < Access-Control-Allow-Origin: *
1 < Age: 4267
1 < CF-Cache-Status: HIT
1 < CF-RAY: 73ed3216599a2233-MIA
1 < Cache-Control: max-age=14400
1 < Connection: keep-alive
1 < Content-Type: application/json; charset=utf-8
1 < Date: Mon, 22 Aug 2022 17:05:51 GMT
1 < Etag: W/"118-pbdwwFo9SKNhD3Lx5iHJyngpq00"
1 < Expect-CT: max-age=604800, report-uri="https://report-uri.cloudflare.com/cdn-cgi/beacon/expect-ct"
1 < NEL: {"success_fraction":0,"report_to":"cf-nel","max_age":604800}
1 < Report-To: {"endpoints":[{"url":"https:\/\/a.nel.cloudflare.com\/report\/v3?s=I4aPyPUWyyV99XEqBA44%2FXHzQ%2F4yRDPdb3g72HbqZ7Y9k9742Tv4GuhRNgvr88nqyi2GGjBSZn2mI%2BPvWndnbU%2F2LiHojXtGjExy3xPq4uTj%2BV1LiSnBRiXRVw%3D%3D"}],"group":"cf-nel","max_age":604800}
1 < Server: cloudflare
1 < Transfer-Encoding: chunked
1 < Vary: Accept-Encoding
1 < Via: 1.1 vegur
1 < X-Powered-By: Express
{"data":{"id":2,"email":"janet.weaver@reqres.in","first_name":"Janet","last_name":"Weaver","avatar":"https://reqres.in/img/faces/2-image.jpg"},"support":{"url":"https://reqres.in/#support-heading","text":"To keep ReqRes free, contributions towards server costs are appreciated!"}}

12:05:53.395 request:
1 > GET https://reqres.in/api/users/1998
1 > Accept-Encoding: gzip,deflate
1 > Connection: Keep-Alive
1 > Host: reqres.in
1 > User-Agent: Apache-HttpClient/4.5.12 (Java/1.8.0_202)

12:05:53.878 response time in milliseconds: 481,84
1 < 404
1 < Access-Control-Allow-Origin: *
1 < CF-Cache-Status: EXPIRED
1 < CF-RAY: 73ed3218a9dc8dcc-MIA
1 < Cache-Control: max-age=14400
1 < Connection: keep-alive
1 < Content-Length: 2
1 < Content-Type: application/json; charset=utf-8
1 < Date: Mon, 22 Aug 2022 17:05:51 GMT
1 < Etag: W/"2-vyGp6PvFo4RvsFtPoIWeCReyIC8"
1 < Expect-CT: max-age=604800, report-uri="https://report-uri.cloudflare.com/cdn-cgi/beacon/expect-ct"
1 < NEL: {"success_fraction":0,"report_to":"cf-nel","max_age":604800}
1 < Report-To: {"endpoints":[{"url":"https:\/\/a.nel.cloudflare.com\/report\/v3?s=YCOJBmNY98QxlqAmMw2wyIArwxF7cxmHpo8jxHJqe6iOZycvlCIqYZuu%2Bxf8R3KVRhcCAQKSGkVVZas%2BtftmpEbs8cPYAlUp3N7KYdfcyCIWGpG0JGgg87liOg%3D%3D"}],"group":"cf-nel","max_age":604800}
1 < Server: cloudflare
1 < Vary: Accept-Encoding
1 < Via: 1.1 vegur
1 < X-Powered-By: Express
{}

12:05:53.901 request:
1 > GET https://reqres.in/api/users/%5B%C2%A8*%5B
1 > Accept-Encoding: gzip,deflate
1 > Connection: Keep-Alive
1 > Host: reqres.in
1 > User-Agent: Apache-HttpClient/4.5.12 (Java/1.8.0_202)

12:05:54.323 response time in milliseconds: 420,59
1 < 404
1 < Access-Control-Allow-Origin: *
1 < CF-Cache-Status: MISS
1 < CF-RAY: 73ed321b7e3f8d9c-MIA
1 < Cache-Control: max-age=14400
1 < Connection: keep-alive
1 < Content-Length: 2
1 < Content-Type: application/json; charset=utf-8
1 < Date: Mon, 22 Aug 2022 17:05:52 GMT
1 < Etag: W/"2-vyGp6PvFo4RvsFtPoIWeCReyIC8"
1 < Expect-CT: max-age=604800, report-uri="https://report-uri.cloudflare.com/cdn-cgi/beacon/expect-ct"
1 < NEL: {"success_fraction":0,"report_to":"cf-nel","max_age":604800}
1 < Report-To: {"endpoints":[{"url":"https:\/\/a.nel.cloudflare.com\/report\/v3?s=Ssm6Js8YZpSriamN02C0JhcoDBEXnEyASvo4M4ItlOAj8vEWgzVWVlD4AbA0YPGsMCcIbttxjVo6YqRuCB2VvX72p4ve966SW6EDoyENmop%2FPWmRuS%2B%2BdabMCg%3D%3D"}],"group":"cf-nel","max_age":604800}
1 < Server: cloudflare
1 < Vary: Accept-Encoding
1 < Via: 1.1 vegur
1 < X-Powered-By: Express
{}

12:05:54.345 request:
1 > GET https://reqres.in/api/users/miguel
1 > Accept-Encoding: gzip,deflate
1 > Connection: Keep-Alive
1 > Host: reqres.in
1 > User-Agent: Apache-HttpClient/4.5.12 (Java/1.8.0_202)

12:05:54.530 response time in milliseconds: 183,48
1 < 404
1 < Access-Control-Allow-Origin: *
1 < Age: 88
1 < CF-Cache-Status: HIT
1 < CF-RAY: 73ed321e4e028dc4-MIA
1 < Cache-Control: max-age=14400
1 < Connection: keep-alive
1 < Content-Length: 2
1 < Content-Type: application/json; charset=utf-8
1 < Date: Mon, 22 Aug 2022 17:05:52 GMT
1 < Etag: W/"2-vyGp6PvFo4RvsFtPoIWeCReyIC8"
1 < Expect-CT: max-age=604800, report-uri="https://report-uri.cloudflare.com/cdn-cgi/beacon/expect-ct"
1 < NEL: {"success_fraction":0,"report_to":"cf-nel","max_age":604800}
1 < Report-To: {"endpoints":[{"url":"https:\/\/a.nel.cloudflare.com\/report\/v3?s=PP7j15eiVyAHVTQ0WQsV5ACpHKt6Ylcbrfn2bds2YNAFKY1rIePvbXbb%2F%2BEPu7MEE0ssbM3MUS1Pclxjeh7YgiHxgqBUtDG3aytxglrvwdrxtUeL1fQSyqqobw%3D%3D"}],"group":"cf-nel","max_age":604800}
1 < Server: cloudflare
1 < Vary: Accept-Encoding
1 < Via: 1.1 vegur
1 < X-Powered-By: Express
{}

