00:11:00.908 request:
1 > GET https://reqres.in/api/users/2
1 > Accept-Encoding: gzip,deflate
1 > Connection: Keep-Alive
1 > Host: reqres.in
1 > User-Agent: Apache-HttpClient/4.5.12 (Java/1.8.0_202)

00:11:03.268 response time in milliseconds: 2351,13
1 < 200
1 < Access-Control-Allow-Origin: *
1 < Age: 53
1 < CF-Cache-Status: HIT
1 < CF-RAY: 73c825802e5c02e4-MIA
1 < Cache-Control: max-age=14400
1 < Connection: keep-alive
1 < Content-Type: application/json; charset=utf-8
1 < Date: Thu, 18 Aug 2022 05:11:02 GMT
1 < Etag: W/"118-pbdwwFo9SKNhD3Lx5iHJyngpq00"
1 < Expect-CT: max-age=604800, report-uri="https://report-uri.cloudflare.com/cdn-cgi/beacon/expect-ct"
1 < NEL: {"success_fraction":0,"report_to":"cf-nel","max_age":604800}
1 < Report-To: {"endpoints":[{"url":"https:\/\/a.nel.cloudflare.com\/report\/v3?s=OZxzuvZv%2BHJZFKMEDmZafnIH%2Fgs8qW6Br%2BxzFBRPidQTdYkl9zoatnmO%2FlCWLcnJOuce%2BC9vrZW%2F%2BV6t6Atubw6nLW85FBTkkD12v%2F7rZaCrWY4FIG8kRskfGg%3D%3D"}],"group":"cf-nel","max_age":604800}
1 < Server: cloudflare
1 < Transfer-Encoding: chunked
1 < Vary: Accept-Encoding
1 < Via: 1.1 vegur
1 < X-Powered-By: Express
{"data":{"id":2,"email":"janet.weaver@reqres.in","first_name":"Janet","last_name":"Weaver","avatar":"https://reqres.in/img/faces/2-image.jpg"},"support":{"url":"https://reqres.in/#support-heading","text":"To keep ReqRes free, contributions towards server costs are appreciated!"}}

00:11:03.487 request:
1 > POST https://reqres.in/api/users
1 > Accept-Encoding: gzip,deflate
1 > Connection: Keep-Alive
1 > Content-Length: 71
1 > Content-Type: application/json; charset=UTF-8
1 > Host: reqres.in
1 > User-Agent: Apache-HttpClient/4.5.12 (Java/1.8.0_202)
{"name":"morpheus","job":"leader","id":"id","createdAt":"#(createdAt)"}

00:11:05.284 response time in milliseconds: 1786,09
1 < 201
1 < Access-Control-Allow-Origin: *
1 < CF-Cache-Status: DYNAMIC
1 < CF-RAY: 73c8258b7a036dd3-MIA
1 < Connection: keep-alive
1 < Content-Length: 83
1 < Content-Type: application/json; charset=utf-8
1 < Date: Thu, 18 Aug 2022 05:11:04 GMT
1 < Etag: W/"53-M21cMtdatDDr8fpkTlUTVe6oUrM"
1 < Expect-CT: max-age=604800, report-uri="https://report-uri.cloudflare.com/cdn-cgi/beacon/expect-ct"
1 < NEL: {"success_fraction":0,"report_to":"cf-nel","max_age":604800}
1 < Report-To: {"endpoints":[{"url":"https:\/\/a.nel.cloudflare.com\/report\/v3?s=%2FBJnxRd9IClclH8DlxHa6uVKBSG%2FM14Wq937kPd7QQ62RZtsiYC3z0R0YnaRJpfk6kN7R9mxh66P%2FuHfgQCneRv63Hm1KnoXLw1IVpM10tQdMwk6rMgYh%2F%2FFzw%3D%3D"}],"group":"cf-nel","max_age":604800}
1 < Server: cloudflare
1 < Via: 1.1 vegur
1 < X-Powered-By: Express
{"name":"morpheus","job":"leader","id":"id","createdAt":"2022-08-18T05:11:04.418Z"}

sertion failed: assert evaluated to false: response.createdAt == createdAt
