23:08:49.061 request:
1 > POST https://reqres.in/api/users
1 > Accept-Encoding: gzip,deflate
1 > Connection: Keep-Alive
1 > Content-Length: 76
1 > Content-Type: application/json; charset=UTF-8
1 > Host: reqres.in
1 > User-Agent: Apache-HttpClient/4.5.12 (Java/1.8.0_202)
{"name":"morpheus","job":"leader","id":"#number","createdAt":"#(createdAt)"}

23:08:49.905 response time in milliseconds: 850,60
1 < 201
1 < Access-Control-Allow-Origin: *
1 < CF-Cache-Status: DYNAMIC
1 < CF-RAY: 73d8451a6c2e21eb-MIA
1 < Connection: keep-alive
1 < Content-Length: 88
1 < Content-Type: application/json; charset=utf-8
1 < Date: Sat, 20 Aug 2022 04:08:49 GMT
1 < Etag: W/"58-yJ9BR4uSmdZF3+PQ5yXCRSacads"
1 < Expect-CT: max-age=604800, report-uri="https://report-uri.cloudflare.com/cdn-cgi/beacon/expect-ct"
1 < NEL: {"success_fraction":0,"report_to":"cf-nel","max_age":604800}
1 < Report-To: {"endpoints":[{"url":"https:\/\/a.nel.cloudflare.com\/report\/v3?s=cDQnBLJfgP9zSr35CpGyzVxxSUMptQXh2A6qHZzKAwsoNW196dQlYc2pX5DyhxL20ZOQES%2B91kV4q5raHaM%2Fj4RwURYahxqOsPTi0eX%2BTm5S8KZ8Br7f%2FqDgTw%3D%3D"}],"group":"cf-nel","max_age":604800}
1 < Server: cloudflare
1 < Via: 1.1 vegur
1 < X-Powered-By: Express
{"name":"morpheus","job":"leader","id":"#number","createdAt":"2022-08-20T04:08:49.216Z"}

://reqres.in/#support-heading","text":"To keep ReqRes free, contributions towards server costs are appreciated!"}}

12:35:40.859 request:
1 > GET https://reqres.in/api/users/1996
1 > Accept-Encoding: gzip,deflate
1 > Connection: Keep-Alive
1 > Host: reqres.in
1 > User-Agent: Apache-HttpClient/4.5.12 (Java/1.8.0_202)

12:35:41.546 response time in milliseconds: 687,61
1 < 404
1 < Access-Control-Allow-Origin: *
1 < CF-Cache-Status: EXPIRED
1 < CF-RAY: 73d4a5aa28649add-MIA
1 < Cache-Control: max-age=14400
1 < Connection: keep-alive
1 < Content-Length: 2
1 < Content-Type: application/json; charset=utf-8
1 < Date: Fri, 19 Aug 2022 17:35:41 GMT
1 < Etag: W/"2-vyGp6PvFo4RvsFtPoIWeCReyIC8"
1 < Expect-CT: max-age=604800, report-uri="https://report-uri.cloudflare.com/cdn-cgi/beacon/expect-ct"
1 < NEL: {"success_fraction":0,"report_to":"cf-nel","max_age":604800}
1 < Report-To: {"endpoints":[{"url":"https:\/\/a.nel.cloudflare.com\/report\/v3?s=I0rRLfxmgsGjQcXDkN2x%2B48A3Zn8ZYS6Dkta%2FmKeD%2F6vrqxNt6uzOCK%2FTOFjw89LfEtiA%2BGd8npTIIu9Ms%2FqxyvHpLMj3dlf1a3VcZ9HM9a10kQqHy%2F8HTThpQ%3D%3D"}],"group":"cf-nel","max_age":604800}
1 < Server: cloudflare
1 < Vary: Accept-Encoding
1 < Via: 1.1 vegur
1 < X-Powered-By: Express
{}

